#
# There is insufficient memory for the Java Runtime Environment to continue.
# Native memory allocation (malloc) failed to allocate 352976 bytes for Chunk::new
# Possible reasons:
#   The system is out of physical RAM or swap space
#   The process is running with CompressedOops enabled, and the Java Heap may be blocking the growth of the native heap
# Possible solutions:
#   Reduce memory load on the system
#   Increase physical memory or swap space
#   Check if swap backing store is full
#   Decrease Java heap size (-Xmx/-Xms)
#   Decrease number of Java threads
#   Decrease Java thread stack sizes (-Xss)
#   Set larger code cache with -XX:ReservedCodeCacheSize=
#   JVM is running with Unscaled Compressed Oops mode in which the Java heap is
#     placed in the first 4GB address space. The Java Heap base address is the
#     maximum limit for the native heap growth. Please use -XX:HeapBaseMinAddress
#     to set the Java Heap base and to place the Java Heap above 4GB virtual address.
# This output file may be truncated or incomplete.
#
#  Out of Memory Error (arena.cpp:189), pid=20328, tid=19688
#
# JRE version: Java(TM) SE Runtime Environment (17.0.12+8) (build 17.0.12+8-LTS-286)
# Java VM: Java HotSpot(TM) 64-Bit Server VM (17.0.12+8-LTS-286, mixed mode, sharing, tiered, compressed oops, compressed class ptrs, g1 gc, windows-amd64)
# No core dump will be written. Minidumps are not enabled by default on client versions of Windows
#

---------------  S U M M A R Y ------------

Command Line: -XX:+ShowCodeDetailsInExceptionMessages com.gst.demo.returnsservice.ReturnsServiceApplication

Host: 12th Gen Intel(R) Core(TM) i5-1235U, 12 cores, 7G,  Windows 11 , 64 bit Build 26100 (10.0.26100.5074)
Time: Wed Sep 24 16:43:45 2025 India Standard Time elapsed time: 15967.666374 seconds (0d 4h 26m 7s)

---------------  T H R E A D  ---------------

Current thread (0x00000125eb388280):  JavaThread "C2 CompilerThread0" daemon [_thread_in_native, id=19688, stack(0x00000024d5d00000,0x00000024d5e00000)]


Current CompileTask:
C2:15967667 10294       4       org.apache.kafka.clients.consumer.internals.ConsumerNetworkClient::trySend (144 bytes)

Stack: [0x00000024d5d00000,0x00000024d5e00000]
Native frames: (J=compiled Java code, j=interpreted, Vv=VM code, C=native code)
V  [jvm.dll+0x67a04a]
V  [jvm.dll+0x7da4ed]
V  [jvm.dll+0x7dbe33]
V  [jvm.dll+0x7dc4a3]
V  [jvm.dll+0x24508f]
V  [jvm.dll+0xab773]
V  [jvm.dll+0xabd3c]
V  [jvm.dll+0x2aa52f]
V  [jvm.dll+0x581eb9]
V  [jvm.dll+0x21f422]
V  [jvm.dll+0x21837b]
V  [jvm.dll+0x215b65]
V  [jvm.dll+0x1a2960]
V  [jvm.dll+0x22610b]
V  [jvm.dll+0x2242ab]
V  [jvm.dll+0x79075c]
V  [jvm.dll+0x78abea]
V  [jvm.dll+0x678f35]
C  [ucrtbase.dll+0x37b0]
C  [KERNEL32.DLL+0x2e8d7]
C  [ntdll.dll+0x8d9c]


---------------  P R O C E S S  ---------------

Threads class SMR info:
_java_thread_list=0x00000125f3763760, length=40, elements={
0x00000125eb364d90, 0x00000125eb365750, 0x00000125eb3857a0, 0x00000125eb386160,
0x00000125eb386b20, 0x00000125eb3874e0, 0x00000125eb388280, 0x00000125eb388d30,
0x00000125eb38f050, 0x00000125eb5e8310, 0x00000125eb5f3b70, 0x00000125f2eb2fe0,
0x00000125f2fa0540, 0x00000125f274a850, 0x00000125f3a92c00, 0x00000125f3a93620,
0x00000125f3a93110, 0x00000125f0f60200, 0x00000125f0f5fcf0, 0x00000125f0f5e8b0,
0x00000125f0f60710, 0x00000125f0f61b50, 0x00000125f0f60c20, 0x00000125f0f62570,
0x00000125f0f61130, 0x00000125f0f5edc0, 0x00000125f0f61640, 0x00000125f0f62060,
0x00000125f0f62a80, 0x00000125f0f5f2d0, 0x00000125f0f62f90, 0x00000125f0f5f7e0,
0x00000125f0f64df0, 0x00000125f0f643d0, 0x00000125f0f648e0, 0x00000125f0f65300,
0x00000125f0f634a0, 0x00000125f0f65810, 0x00000125f0f65d20, 0x00000125f0f66230
}

Java Threads: ( => current thread )
  0x00000125eb364d90 JavaThread "Reference Handler" daemon [_thread_blocked, id=15000, stack(0x00000024d5700000,0x00000024d5800000)]
  0x00000125eb365750 JavaThread "Finalizer" daemon [_thread_blocked, id=608, stack(0x00000024d5800000,0x00000024d5900000)]
  0x00000125eb3857a0 JavaThread "Signal Dispatcher" daemon [_thread_blocked, id=20576, stack(0x00000024d5900000,0x00000024d5a00000)]
  0x00000125eb386160 JavaThread "Attach Listener" daemon [_thread_blocked, id=18128, stack(0x00000024d5a00000,0x00000024d5b00000)]
  0x00000125eb386b20 JavaThread "Service Thread" daemon [_thread_blocked, id=22728, stack(0x00000024d5b00000,0x00000024d5c00000)]
  0x00000125eb3874e0 JavaThread "Monitor Deflation Thread" daemon [_thread_blocked, id=14396, stack(0x00000024d5c00000,0x00000024d5d00000)]
=>0x00000125eb388280 JavaThread "C2 CompilerThread0" daemon [_thread_in_native, id=19688, stack(0x00000024d5d00000,0x00000024d5e00000)]
  0x00000125eb388d30 JavaThread "C1 CompilerThread0" daemon [_thread_blocked, id=19664, stack(0x00000024d5e00000,0x00000024d5f00000)]
  0x00000125eb38f050 JavaThread "Sweeper thread" daemon [_thread_blocked, id=17064, stack(0x00000024d5f00000,0x00000024d6000000)]
  0x00000125eb5e8310 JavaThread "Notification Thread" daemon [_thread_blocked, id=21960, stack(0x00000024d6000000,0x00000024d6100000)]
  0x00000125eb5f3b70 JavaThread "Common-Cleaner" daemon [_thread_blocked, id=17876, stack(0x00000024d6200000,0x00000024d6300000)]
  0x00000125f2eb2fe0 JavaThread "Catalina-utility-1" [_thread_blocked, id=15536, stack(0x00000024d6e00000,0x00000024d6f00000)]
  0x00000125f2fa0540 JavaThread "Catalina-utility-2" [_thread_blocked, id=16968, stack(0x00000024d7000000,0x00000024d7100000)]
  0x00000125f274a850 JavaThread "container-0" [_thread_blocked, id=9380, stack(0x00000024d7100000,0x00000024d7200000)]
  0x00000125f3a92c00 JavaThread "spring.cloud.inetutils" daemon [_thread_blocked, id=21012, stack(0x00000024d7300000,0x00000024d7400000)]
  0x00000125f3a93620 JavaThread "AsyncResolver-bootstrap-0" daemon [_thread_blocked, id=22236, stack(0x00000024d7400000,0x00000024d7500000)]
  0x00000125f3a93110 JavaThread "idle-connection-evictor-1" daemon [_thread_blocked, id=19776, stack(0x00000024d7500000,0x00000024d7600000)]
  0x00000125f0f60200 JavaThread "DiscoveryClient-0" daemon [_thread_blocked, id=7020, stack(0x00000024d7700000,0x00000024d7800000)]
  0x00000125f0f5fcf0 JavaThread "DiscoveryClient-1" daemon [_thread_blocked, id=23332, stack(0x00000024d7800000,0x00000024d7900000)]
  0x00000125f0f5e8b0 JavaThread "DiscoveryClient-InstanceInfoReplicator-0" daemon [_thread_blocked, id=19620, stack(0x00000024d7900000,0x00000024d7a00000)]
  0x00000125f0f60710 JavaThread "http-nio-8083-exec-1" daemon [_thread_blocked, id=23324, stack(0x00000024d7a00000,0x00000024d7b00000)]
  0x00000125f0f61b50 JavaThread "http-nio-8083-exec-2" daemon [_thread_blocked, id=22636, stack(0x00000024d7b00000,0x00000024d7c00000)]
  0x00000125f0f60c20 JavaThread "http-nio-8083-exec-3" daemon [_thread_blocked, id=19132, stack(0x00000024d7c00000,0x00000024d7d00000)]
  0x00000125f0f62570 JavaThread "http-nio-8083-exec-4" daemon [_thread_blocked, id=4748, stack(0x00000024d7d00000,0x00000024d7e00000)]
  0x00000125f0f61130 JavaThread "http-nio-8083-exec-5" daemon [_thread_blocked, id=22056, stack(0x00000024d7e00000,0x00000024d7f00000)]
  0x00000125f0f5edc0 JavaThread "http-nio-8083-exec-6" daemon [_thread_blocked, id=12964, stack(0x00000024d7f00000,0x00000024d8000000)]
  0x00000125f0f61640 JavaThread "http-nio-8083-exec-7" daemon [_thread_blocked, id=21928, stack(0x00000024d8000000,0x00000024d8100000)]
  0x00000125f0f62060 JavaThread "http-nio-8083-exec-8" daemon [_thread_blocked, id=21480, stack(0x00000024d8100000,0x00000024d8200000)]
  0x00000125f0f62a80 JavaThread "http-nio-8083-exec-9" daemon [_thread_blocked, id=2684, stack(0x00000024d8200000,0x00000024d8300000)]
  0x00000125f0f5f2d0 JavaThread "http-nio-8083-exec-10" daemon [_thread_blocked, id=14400, stack(0x00000024d8300000,0x00000024d8400000)]
  0x00000125f0f62f90 JavaThread "http-nio-8083-Poller" daemon [_thread_in_native, id=21064, stack(0x00000024d8400000,0x00000024d8500000)]
  0x00000125f0f5f7e0 JavaThread "http-nio-8083-Acceptor" daemon [_thread_in_native, id=22460, stack(0x00000024d8500000,0x00000024d8600000)]
  0x00000125f0f64df0 JavaThread "micrometer-kafka-metrics" daemon [_thread_blocked, id=19580, stack(0x00000024d8600000,0x00000024d8700000)]
  0x00000125f0f643d0 JavaThread "ThreadPoolTaskScheduler-1" [_thread_blocked, id=17292, stack(0x00000024d8700000,0x00000024d8800000)]
  0x00000125f0f648e0 JavaThread "org.springframework.kafka.KafkaListenerEndpointContainer#0-0-C-1" [_thread_in_native, id=21888, stack(0x00000024d8800000,0x00000024d8900000)]
  0x00000125f0f65300 JavaThread "DestroyJavaVM" [_thread_blocked, id=22944, stack(0x00000024d5000000,0x00000024d5100000)]
  0x00000125f0f634a0 JavaThread "kafka-coordinator-heartbeat-thread | returns-group" daemon [_thread_blocked, id=8648, stack(0x00000024d6300000,0x00000024d6400000)]
  0x00000125f0f65810 JavaThread "DiscoveryClient-HeartbeatExecutor-0" daemon [_thread_blocked, id=18504, stack(0x00000024d8a00000,0x00000024d8b00000)]
  0x00000125f0f65d20 JavaThread "DiscoveryClient-CacheRefreshExecutor-0" daemon [_thread_blocked, id=23484, stack(0x00000024d8b00000,0x00000024d8c00000)]
  0x00000125f0f66230 JavaThread "AsyncResolver-bootstrap-executor-0" daemon [_thread_blocked, id=21688, stack(0x00000024d4f00000,0x00000024d5000000)]

Other Threads:
  0x00000125eb3613f0 VMThread "VM Thread" [stack: 0x00000024d5600000,0x00000024d5700000] [id=22388]
  0x00000125cd089f90 WatcherThread [stack: 0x00000024d6100000,0x00000024d6200000] [id=15168]
  0x00000125cd06b070 GCTaskThread "GC Thread#0" [stack: 0x00000024d5100000,0x00000024d5200000] [id=6780]
  0x00000125f09e0080 GCTaskThread "GC Thread#1" [stack: 0x00000024d6400000,0x00000024d6500000] [id=5460]
  0x00000125f04a70d0 GCTaskThread "GC Thread#2" [stack: 0x00000024d6500000,0x00000024d6600000] [id=20904]
  0x00000125f07858c0 GCTaskThread "GC Thread#3" [stack: 0x00000024d6600000,0x00000024d6700000] [id=23024]
  0x00000125f0785b80 GCTaskThread "GC Thread#4" [stack: 0x00000024d6700000,0x00000024d6800000] [id=21128]
  0x00000125f107cb30 GCTaskThread "GC Thread#5" [stack: 0x00000024d6900000,0x00000024d6a00000] [id=7116]
  0x00000125f1bff960 GCTaskThread "GC Thread#6" [stack: 0x00000024d6a00000,0x00000024d6b00000] [id=15560]
  0x00000125f1c00430 GCTaskThread "GC Thread#7" [stack: 0x00000024d6b00000,0x00000024d6c00000] [id=19176]
  0x00000125f1c00f20 GCTaskThread "GC Thread#8" [stack: 0x00000024d6c00000,0x00000024d6d00000] [id=22912]
  0x00000125f1c019f0 GCTaskThread "GC Thread#9" [stack: 0x00000024d6d00000,0x00000024d6e00000] [id=16112]
  0x00000125cd07b580 ConcurrentGCThread "G1 Main Marker" [stack: 0x00000024d5200000,0x00000024d5300000] [id=7304]
  0x00000125cd07bf90 ConcurrentGCThread "G1 Conc#0" [stack: 0x00000024d5300000,0x00000024d5400000] [id=23176]
  0x00000125f1e63960 ConcurrentGCThread "G1 Conc#1" [stack: 0x00000024d6800000,0x00000024d6900000] [id=22628]
  0x00000125f1e641a0 ConcurrentGCThread "G1 Conc#2" [stack: 0x00000024d6f00000,0x00000024d7000000] [id=12328]
  0x00000125cd0bd840 ConcurrentGCThread "G1 Refine#0" [stack: 0x00000024d5400000,0x00000024d5500000] [id=19216]
  0x00000125cd0be110 ConcurrentGCThread "G1 Service" [stack: 0x00000024d5500000,0x00000024d5600000] [id=5132]

Threads with active compile tasks:
C2 CompilerThread0  15967735 10294       4       org.apache.kafka.clients.consumer.internals.ConsumerNetworkClient::trySend (144 bytes)

VM state: not at safepoint (normal execution)

VM Mutex/Monitor currently owned by a thread: None

Heap address: 0x0000000085200000, size: 1966 MB, Compressed Oops mode: 32-bit

CDS archive(s) mapped at: [0x0000012580000000-0x0000012580bd0000-0x0000012580bd0000), size 12386304, SharedBaseAddress: 0x0000012580000000, ArchiveRelocationMode: 1.
Compressed class space mapped at: 0x0000012581000000-0x00000125c1000000, reserved size: 1073741824
Narrow klass base: 0x0000012580000000, Narrow klass shift: 0, Narrow klass range: 0x100000000

GC Precious Log:
 CPUs: 12 total, 12 available
 Memory: 7860M
 Large Page Support: Disabled
 NUMA Support: Disabled
 Compressed Oops: Enabled (32-bit)
 Heap Region Size: 1M
 Heap Min Capacity: 8M
 Heap Initial Capacity: 124M
 Heap Max Capacity: 1966M
 Pre-touch: Disabled
 Parallel Workers: 10
 Concurrent Workers: 3
 Concurrent Refinement Workers: 10
 Periodic GC: Disabled

Heap:
 garbage-first heap   total 87040K, used 66386K [0x0000000085200000, 0x0000000100000000)
  region size 1024K, 38 young (38912K), 3 survivors (3072K)
 Metaspace       used 58004K, committed 58624K, reserved 1114112K
  class space    used 7133K, committed 7424K, reserved 1048576K

Heap Regions: E=young(eden), S=young(survivor), O=old, HS=humongous(starts), HC=humongous(continues), CS=collection set, F=free, OA=open archive, CA=closed archive, TAMS=top-at-mark-start (previous, next)
|   0|0x0000000085200000, 0x0000000085300000, 0x0000000085300000|100%|HS|  |TAMS 0x0000000085300000, 0x0000000085200000| Complete 
|   1|0x0000000085300000, 0x0000000085400000, 0x0000000085400000|100%| O|  |TAMS 0x0000000085400000, 0x0000000085300000| Untracked 
|   2|0x0000000085400000, 0x0000000085500000, 0x0000000085500000|100%| O|  |TAMS 0x0000000085500000, 0x0000000085400000| Untracked 
|   3|0x0000000085500000, 0x0000000085600000, 0x0000000085600000|100%| O|  |TAMS 0x0000000085600000, 0x0000000085500000| Untracked 
|   4|0x0000000085600000, 0x0000000085700000, 0x0000000085700000|100%| O|  |TAMS 0x0000000085700000, 0x0000000085600000| Untracked 
|   5|0x0000000085700000, 0x0000000085800000, 0x0000000085800000|100%| O|  |TAMS 0x0000000085800000, 0x0000000085700000| Untracked 
|   6|0x0000000085800000, 0x0000000085900000, 0x0000000085900000|100%| O|  |TAMS 0x0000000085900000, 0x0000000085800000| Untracked 
|   7|0x0000000085900000, 0x0000000085a00000, 0x0000000085a00000|100%| O|  |TAMS 0x0000000085a00000, 0x0000000085900000| Untracked 
|   8|0x0000000085a00000, 0x0000000085b00000, 0x0000000085b00000|100%| O|  |TAMS 0x0000000085b00000, 0x0000000085a00000| Untracked 
|   9|0x0000000085b00000, 0x0000000085c00000, 0x0000000085c00000|100%| O|  |TAMS 0x0000000085c00000, 0x0000000085b00000| Untracked 
|  10|0x0000000085c00000, 0x0000000085d00000, 0x0000000085d00000|100%| O|  |TAMS 0x0000000085d00000, 0x0000000085c00000| Untracked 
|  11|0x0000000085d00000, 0x0000000085e00000, 0x0000000085e00000|100%| O|  |TAMS 0x0000000085e00000, 0x0000000085d00000| Untracked 
|  12|0x0000000085e00000, 0x0000000085f00000, 0x0000000085f00000|100%| O|  |TAMS 0x0000000085f00000, 0x0000000085e00000| Untracked 
|  13|0x0000000085f00000, 0x0000000086000000, 0x0000000086000000|100%| O|  |TAMS 0x0000000086000000, 0x0000000085f00000| Untracked 
|  14|0x0000000086000000, 0x0000000086100000, 0x0000000086100000|100%| O|  |TAMS 0x0000000086100000, 0x0000000086000000| Untracked 
|  15|0x0000000086100000, 0x0000000086200000, 0x0000000086200000|100%| O|  |TAMS 0x0000000086200000, 0x0000000086100000| Untracked 
|  16|0x0000000086200000, 0x0000000086300000, 0x0000000086300000|100%| O|  |TAMS 0x0000000086300000, 0x0000000086200000| Untracked 
|  17|0x0000000086300000, 0x0000000086400000, 0x0000000086400000|100%| O|  |TAMS 0x0000000086400000, 0x0000000086300000| Untracked 
|  18|0x0000000086400000, 0x0000000086500000, 0x0000000086500000|100%| O|  |TAMS 0x0000000086500000, 0x0000000086400000| Untracked 
|  19|0x0000000086500000, 0x0000000086600000, 0x0000000086600000|100%| O|  |TAMS 0x0000000086600000, 0x0000000086500000| Untracked 
|  20|0x0000000086600000, 0x0000000086700000, 0x0000000086700000|100%| O|  |TAMS 0x0000000086700000, 0x0000000086600000| Untracked 
|  21|0x0000000086700000, 0x0000000086800000, 0x0000000086800000|100%| O|  |TAMS 0x0000000086800000, 0x0000000086700000| Untracked 
|  22|0x0000000086800000, 0x0000000086900000, 0x0000000086900000|100%| O|  |TAMS 0x0000000086900000, 0x0000000086800000| Untracked 
|  23|0x0000000086900000, 0x0000000086a00000, 0x0000000086a00000|100%| O|  |TAMS 0x0000000086a00000, 0x0000000086900000| Untracked 
|  24|0x0000000086a00000, 0x0000000086b00000, 0x0000000086b00000|100%| O|  |TAMS 0x0000000086b00000, 0x0000000086a00000| Untracked 
|  25|0x0000000086b00000, 0x0000000086c00000, 0x0000000086c00000|100%| O|  |TAMS 0x0000000086c00000, 0x0000000086b00000| Untracked 
|  26|0x0000000086c00000, 0x0000000086d00000, 0x0000000086d00000|100%| O|  |TAMS 0x0000000086d00000, 0x0000000086c00000| Untracked 
|  27|0x0000000086d00000, 0x0000000086e00000, 0x0000000086e00000|100%| O|  |TAMS 0x0000000086e00000, 0x0000000086d00000| Untracked 
|  28|0x0000000086e00000, 0x0000000086ead400, 0x0000000086f00000| 67%| O|  |TAMS 0x0000000086ead400, 0x0000000086e00000| Untracked 
|  29|0x0000000086f00000, 0x0000000086f00000, 0x0000000087000000|  0%| F|  |TAMS 0x0000000086f00000, 0x0000000086f00000| Untracked 
|  30|0x0000000087000000, 0x0000000087000000, 0x0000000087100000|  0%| F|  |TAMS 0x0000000087000000, 0x0000000087000000| Untracked 
|  31|0x0000000087100000, 0x0000000087100000, 0x0000000087200000|  0%| F|  |TAMS 0x0000000087100000, 0x0000000087100000| Untracked 
|  32|0x0000000087200000, 0x0000000087200000, 0x0000000087300000|  0%| F|  |TAMS 0x0000000087200000, 0x0000000087200000| Untracked 
|  33|0x0000000087300000, 0x0000000087300000, 0x0000000087400000|  0%| F|  |TAMS 0x0000000087300000, 0x0000000087300000| Untracked 
|  34|0x0000000087400000, 0x0000000087400000, 0x0000000087500000|  0%| F|  |TAMS 0x0000000087400000, 0x0000000087400000| Untracked 
|  35|0x0000000087500000, 0x0000000087500000, 0x0000000087600000|  0%| F|  |TAMS 0x0000000087500000, 0x0000000087500000| Untracked 
|  36|0x0000000087600000, 0x0000000087600000, 0x0000000087700000|  0%| F|  |TAMS 0x0000000087600000, 0x0000000087600000| Untracked 
|  37|0x0000000087700000, 0x0000000087700000, 0x0000000087800000|  0%| F|  |TAMS 0x0000000087700000, 0x0000000087700000| Untracked 
|  38|0x0000000087800000, 0x0000000087800000, 0x0000000087900000|  0%| F|  |TAMS 0x0000000087800000, 0x0000000087800000| Untracked 
|  39|0x0000000087900000, 0x0000000087900000, 0x0000000087a00000|  0%| F|  |TAMS 0x0000000087900000, 0x0000000087900000| Untracked 
|  40|0x0000000087a00000, 0x0000000087a00000, 0x0000000087b00000|  0%| F|  |TAMS 0x0000000087a00000, 0x0000000087a00000| Untracked 
|  41|0x0000000087b00000, 0x0000000087b27500, 0x0000000087c00000| 15%| S|CS|TAMS 0x0000000087b00000, 0x0000000087b00000| Complete 
|  42|0x0000000087c00000, 0x0000000087d00000, 0x0000000087d00000|100%| S|CS|TAMS 0x0000000087c00000, 0x0000000087c00000| Complete 
|  43|0x0000000087d00000, 0x0000000087e00000, 0x0000000087e00000|100%| S|CS|TAMS 0x0000000087d00000, 0x0000000087d00000| Complete 
|  44|0x0000000087e00000, 0x0000000087e00000, 0x0000000087f00000|  0%| F|  |TAMS 0x0000000087e00000, 0x0000000087e00000| Untracked 
|  45|0x0000000087f00000, 0x0000000087f00000, 0x0000000088000000|  0%| F|  |TAMS 0x0000000087f00000, 0x0000000087f00000| Untracked 
|  46|0x0000000088000000, 0x0000000088000000, 0x0000000088100000|  0%| F|  |TAMS 0x0000000088000000, 0x0000000088000000| Untracked 
|  47|0x0000000088100000, 0x0000000088100000, 0x0000000088200000|  0%| F|  |TAMS 0x0000000088100000, 0x0000000088100000| Untracked 
|  48|0x0000000088200000, 0x0000000088200000, 0x0000000088300000|  0%| F|  |TAMS 0x0000000088200000, 0x0000000088200000| Untracked 
|  49|0x0000000088300000, 0x0000000088300000, 0x0000000088400000|  0%| F|  |TAMS 0x0000000088300000, 0x0000000088300000| Untracked 
|  50|0x0000000088400000, 0x0000000088446160, 0x0000000088500000| 27%| E|  |TAMS 0x0000000088400000, 0x0000000088400000| Complete 
|  51|0x0000000088500000, 0x0000000088600000, 0x0000000088600000|100%| E|CS|TAMS 0x0000000088500000, 0x0000000088500000| Complete 
|  52|0x0000000088600000, 0x0000000088700000, 0x0000000088700000|100%| E|CS|TAMS 0x0000000088600000, 0x0000000088600000| Complete 
|  53|0x0000000088700000, 0x0000000088800000, 0x0000000088800000|100%| E|CS|TAMS 0x0000000088700000, 0x0000000088700000| Complete 
|  54|0x0000000088800000, 0x0000000088900000, 0x0000000088900000|100%| E|CS|TAMS 0x0000000088800000, 0x0000000088800000| Complete 
|  55|0x0000000088900000, 0x0000000088a00000, 0x0000000088a00000|100%| E|CS|TAMS 0x0000000088900000, 0x0000000088900000| Complete 
|  56|0x0000000088a00000, 0x0000000088b00000, 0x0000000088b00000|100%| E|CS|TAMS 0x0000000088a00000, 0x0000000088a00000| Complete 
|  57|0x0000000088b00000, 0x0000000088c00000, 0x0000000088c00000|100%| E|CS|TAMS 0x0000000088b00000, 0x0000000088b00000| Complete 
|  58|0x0000000088c00000, 0x0000000088d00000, 0x0000000088d00000|100%| E|CS|TAMS 0x0000000088c00000, 0x0000000088c00000| Complete 
|  59|0x0000000088d00000, 0x0000000088e00000, 0x0000000088e00000|100%| E|CS|TAMS 0x0000000088d00000, 0x0000000088d00000| Complete 
|  60|0x0000000088e00000, 0x0000000088f00000, 0x0000000088f00000|100%| E|CS|TAMS 0x0000000088e00000, 0x0000000088e00000| Complete 
|  61|0x0000000088f00000, 0x0000000089000000, 0x0000000089000000|100%| E|CS|TAMS 0x0000000088f00000, 0x0000000088f00000| Complete 
|  62|0x0000000089000000, 0x0000000089100000, 0x0000000089100000|100%| E|CS|TAMS 0x0000000089000000, 0x0000000089000000| Complete 
|  63|0x0000000089100000, 0x0000000089200000, 0x0000000089200000|100%| E|CS|TAMS 0x0000000089100000, 0x0000000089100000| Complete 
|  64|0x0000000089200000, 0x0000000089300000, 0x0000000089300000|100%| E|CS|TAMS 0x0000000089200000, 0x0000000089200000| Complete 
|  65|0x0000000089300000, 0x0000000089400000, 0x0000000089400000|100%| E|CS|TAMS 0x0000000089300000, 0x0000000089300000| Complete 
|  66|0x0000000089400000, 0x0000000089500000, 0x0000000089500000|100%| E|CS|TAMS 0x0000000089400000, 0x0000000089400000| Complete 
|  67|0x0000000089500000, 0x0000000089600000, 0x0000000089600000|100%| E|CS|TAMS 0x0000000089500000, 0x0000000089500000| Complete 
|  68|0x0000000089600000, 0x0000000089700000, 0x0000000089700000|100%| E|CS|TAMS 0x0000000089600000, 0x0000000089600000| Complete 
|  69|0x0000000089700000, 0x0000000089800000, 0x0000000089800000|100%| E|CS|TAMS 0x0000000089700000, 0x0000000089700000| Complete 
|  70|0x0000000089800000, 0x0000000089900000, 0x0000000089900000|100%| E|CS|TAMS 0x0000000089800000, 0x0000000089800000| Complete 
|  71|0x0000000089900000, 0x0000000089a00000, 0x0000000089a00000|100%| E|CS|TAMS 0x0000000089900000, 0x0000000089900000| Complete 
|  72|0x0000000089a00000, 0x0000000089b00000, 0x0000000089b00000|100%| E|CS|TAMS 0x0000000089a00000, 0x0000000089a00000| Complete 
|  73|0x0000000089b00000, 0x0000000089c00000, 0x0000000089c00000|100%| E|CS|TAMS 0x0000000089b00000, 0x0000000089b00000| Complete 
|  74|0x0000000089c00000, 0x0000000089d00000, 0x0000000089d00000|100%| E|CS|TAMS 0x0000000089c00000, 0x0000000089c00000| Complete 
|  75|0x0000000089d00000, 0x0000000089e00000, 0x0000000089e00000|100%| E|CS|TAMS 0x0000000089d00000, 0x0000000089d00000| Complete 
|  76|0x0000000089e00000, 0x0000000089f00000, 0x0000000089f00000|100%| E|CS|TAMS 0x0000000089e00000, 0x0000000089e00000| Complete 
|  77|0x0000000089f00000, 0x000000008a000000, 0x000000008a000000|100%| E|CS|TAMS 0x0000000089f00000, 0x0000000089f00000| Complete 
|  78|0x000000008a000000, 0x000000008a100000, 0x000000008a100000|100%| E|CS|TAMS 0x000000008a000000, 0x000000008a000000| Complete 
|  79|0x000000008a100000, 0x000000008a200000, 0x000000008a200000|100%| E|CS|TAMS 0x000000008a100000, 0x000000008a100000| Complete 
|  80|0x000000008a200000, 0x000000008a300000, 0x000000008a300000|100%| E|CS|TAMS 0x000000008a200000, 0x000000008a200000| Complete 
|  81|0x000000008a300000, 0x000000008a400000, 0x000000008a400000|100%| E|CS|TAMS 0x000000008a300000, 0x000000008a300000| Complete 
|  82|0x000000008a400000, 0x000000008a500000, 0x000000008a500000|100%| E|CS|TAMS 0x000000008a400000, 0x000000008a400000| Complete 
| 118|0x000000008c800000, 0x000000008c900000, 0x000000008c900000|100%| E|CS|TAMS 0x000000008c800000, 0x000000008c800000| Complete 
| 123|0x000000008cd00000, 0x000000008ce00000, 0x000000008ce00000|100%| E|CS|TAMS 0x000000008cd00000, 0x000000008cd00000| Complete 

Card table byte_map: [0x00000125e41e0000,0x00000125e45c0000] _byte_map_base: 0x00000125e3db7000

Marking Bits (Prev, Next): (CMBitMap*) 0x00000125cd06b6d0, (CMBitMap*) 0x00000125cd06b690
 Prev Bits: [0x00000125e6860000, 0x00000125e8718000)
 Next Bits: [0x00000125e49a0000, 0x00000125e6858000)

Polling page: 0x00000125cacb0000

Metaspace:

Usage:
  Non-class:     49.68 MB used.
      Class:      6.97 MB used.
       Both:     56.65 MB used.

Virtual space:
  Non-class space:       64.00 MB reserved,      50.00 MB ( 78%) committed,  1 nodes.
      Class space:        1.00 GB reserved,       7.25 MB ( <1%) committed,  1 nodes.
             Both:        1.06 GB reserved,      57.25 MB (  5%) committed. 

Chunk freelists:
   Non-Class:  13.92 MB
       Class:  8.55 MB
        Both:  22.47 MB

MaxMetaspaceSize: unlimited
CompressedClassSpaceSize: 1.00 GB
Initial GC threshold: 21.00 MB
Current GC threshold: 89.06 MB
CDS: on
MetaspaceReclaimPolicy: balanced
 - commit_granule_bytes: 65536.
 - commit_granule_words: 8192.
 - virtual_space_node_default_size: 8388608.
 - enlarge_chunks_in_place: 1.
 - new_chunks_are_fully_committed: 0.
 - uncommit_free_chunks: 1.
 - use_allocation_guard: 0.
 - handle_deallocations: 1.


Internal statistics:

num_allocs_failed_limit: 10.
num_arena_births: 752.
num_arena_deaths: 0.
num_vsnodes_births: 2.
num_vsnodes_deaths: 0.
num_space_committed: 916.
num_space_uncommitted: 0.
num_chunks_returned_to_freelist: 10.
num_chunks_taken_from_freelist: 2868.
num_chunk_merges: 8.
num_chunk_splits: 1999.
num_chunks_enlarged: 1522.
num_inconsistent_stats: 0.

CodeHeap 'non-profiled nmethods': size=120000Kb used=5952Kb max_used=6582Kb free=114047Kb
 bounds [0x00000125dc380000, 0x00000125dc9f0000, 0x00000125e38b0000]
CodeHeap 'profiled nmethods': size=120000Kb used=16318Kb max_used=17330Kb free=103681Kb
 bounds [0x00000125d48b0000, 0x00000125d59a0000, 0x00000125dbde0000]
CodeHeap 'non-nmethods': size=5760Kb used=1331Kb max_used=1414Kb free=4428Kb
 bounds [0x00000125dbde0000, 0x00000125dc050000, 0x00000125dc380000]
 total_blobs=8741 nmethods=8074 adapters=579
 compilation: enabled
              stopped_count=0, restarted_count=0
 full_count=0

Compilation events (20 events):
Event: 15962.860 Thread 0x00000125eb388d30 nmethod 10285 0x00000125d4b28090 code [0x00000125d4b28280, 0x00000125d4b28918]
Event: 15962.860 Thread 0x00000125eb388d30 10286       3       com.fasterxml.jackson.databind.introspect.AccessorNamingStrategy::<init> (5 bytes)
Event: 15962.861 Thread 0x00000125eb388d30 nmethod 10286 0x00000125d535d810 code [0x00000125d535d9a0, 0x00000125d535daf8]
Event: 15962.862 Thread 0x00000125eb388d30 10287       3       com.fasterxml.jackson.databind.introspect.POJOPropertiesCollector::<init> (115 bytes)
Event: 15962.871 Thread 0x00000125eb388280 10288       4       com.fasterxml.jackson.databind.introspect.JacksonAnnotationIntrospector::findNameForDeserialization (121 bytes)
Event: 15962.882 Thread 0x00000125eb388d30 nmethod 10287 0x00000125d558d190 code [0x00000125d558d420, 0x00000125d558e2f8]
Event: 15962.882 Thread 0x00000125eb388d30 10284       3       com.fasterxml.jackson.databind.deser.BeanDeserializerFactory::isIgnorableType (108 bytes)
Event: 15962.909 Thread 0x00000125eb388d30 nmethod 10284 0x00000125d5559710 code [0x00000125d55599e0, 0x00000125d555ac78]
Event: 15962.910 Thread 0x00000125eb388d30 10290       3       com.fasterxml.jackson.databind.introspect.BasicBeanDescription::isFactoryMethod (116 bytes)
Event: 15962.923 Thread 0x00000125eb388d30 nmethod 10290 0x00000125d54c2910 code [0x00000125d54c2bc0, 0x00000125d54c3958]
Event: 15962.923 Thread 0x00000125eb388d30 10289       3       com.fasterxml.jackson.databind.introspect.POJOPropertyBuilder$Linked::withoutIgnored (57 bytes)
Event: 15962.925 Thread 0x00000125eb388d30 nmethod 10289 0x00000125d532fd90 code [0x00000125d532ff60, 0x00000125d5330288]
Event: 15962.925 Thread 0x00000125eb388d30 10292       3       com.fasterxml.jackson.databind.introspect.AnnotationIntrospectorPair::findCreatorAnnotation (28 bytes)
Event: 15962.928 Thread 0x00000125eb388d30 nmethod 10292 0x00000125d5389690 code [0x00000125d5389840, 0x00000125d5389b58]
Event: 15962.928 Thread 0x00000125eb388d30 10293       3       com.fasterxml.jackson.module.paramnames.ParameterNamesAnnotationIntrospector::findCreatorAnnotation (49 bytes)
Event: 15962.932 Thread 0x00000125eb388d30 nmethod 10293 0x00000125d4d11210 code [0x00000125d4d11400, 0x00000125d4d11958]
Event: 15962.938 Thread 0x00000125eb388280 nmethod 10288 0x00000125dc53d090 code [0x00000125dc53d2a0, 0x00000125dc53d848]
Event: 15962.939 Thread 0x00000125eb388280 10291       4       com.fasterxml.jackson.databind.introspect.JacksonAnnotationIntrospector::findInjectableValue (94 bytes)
Event: 15962.959 Thread 0x00000125eb388280 nmethod 10291 0x00000125dc7e5890 code [0x00000125dc7e5a40, 0x00000125dc7e5d48]
Event: 15965.423 Thread 0x00000125eb388280 10294       4       org.apache.kafka.clients.consumer.internals.ConsumerNetworkClient::trySend (144 bytes)

GC Heap History (20 events):
Event: 4507.631 GC heap before
{Heap before GC invocations=23 (full 0):
 garbage-first heap   total 87040K, used 71882K [0x0000000085200000, 0x0000000100000000)
  region size 1024K, 42 young (43008K), 2 survivors (2048K)
 Metaspace       used 54789K, committed 55296K, reserved 1114112K
  class space    used 6886K, committed 7168K, reserved 1048576K
}
Event: 4507.699 GC heap after
{Heap after GC invocations=24 (full 0):
 garbage-first heap   total 87040K, used 31153K [0x0000000085200000, 0x0000000100000000)
  region size 1024K, 2 young (2048K), 2 survivors (2048K)
 Metaspace       used 54789K, committed 55296K, reserved 1114112K
  class space    used 6886K, committed 7168K, reserved 1048576K
}
Event: 5547.539 GC heap before
{Heap before GC invocations=24 (full 0):
 garbage-first heap   total 87040K, used 72113K [0x0000000085200000, 0x0000000100000000)
  region size 1024K, 42 young (43008K), 2 survivors (2048K)
 Metaspace       used 54982K, committed 55552K, reserved 1114112K
  class space    used 6887K, committed 7168K, reserved 1048576K
}
Event: 5547.638 GC heap after
{Heap after GC invocations=25 (full 0):
 garbage-first heap   total 87040K, used 31110K [0x0000000085200000, 0x0000000100000000)
  region size 1024K, 2 young (2048K), 2 survivors (2048K)
 Metaspace       used 54982K, committed 55552K, reserved 1114112K
  class space    used 6887K, committed 7168K, reserved 1048576K
}
Event: 6639.024 GC heap before
{Heap before GC invocations=25 (full 0):
 garbage-first heap   total 87040K, used 73094K [0x0000000085200000, 0x0000000100000000)
  region size 1024K, 43 young (44032K), 2 survivors (2048K)
 Metaspace       used 55297K, committed 55872K, reserved 1114112K
  class space    used 6888K, committed 7168K, reserved 1048576K
}
Event: 6639.100 GC heap after
{Heap after GC invocations=26 (full 0):
 garbage-first heap   total 87040K, used 31138K [0x0000000085200000, 0x0000000100000000)
  region size 1024K, 2 young (2048K), 2 survivors (2048K)
 Metaspace       used 55297K, committed 55872K, reserved 1114112K
  class space    used 6888K, committed 7168K, reserved 1048576K
}
Event: 7666.949 GC heap before
{Heap before GC invocations=26 (full 0):
 garbage-first heap   total 87040K, used 73122K [0x0000000085200000, 0x0000000100000000)
  region size 1024K, 43 young (44032K), 2 survivors (2048K)
 Metaspace       used 55653K, committed 56128K, reserved 1114112K
  class space    used 6925K, committed 7168K, reserved 1048576K
}
Event: 7667.144 GC heap after
{Heap after GC invocations=27 (full 0):
 garbage-first heap   total 87040K, used 31286K [0x0000000085200000, 0x0000000100000000)
  region size 1024K, 2 young (2048K), 2 survivors (2048K)
 Metaspace       used 55653K, committed 56128K, reserved 1114112K
  class space    used 6925K, committed 7168K, reserved 1048576K
}
Event: 8763.852 GC heap before
{Heap before GC invocations=27 (full 0):
 garbage-first heap   total 87040K, used 74294K [0x0000000085200000, 0x0000000100000000)
  region size 1024K, 44 young (45056K), 2 survivors (2048K)
 Metaspace       used 55851K, committed 56384K, reserved 1114112K
  class space    used 6925K, committed 7168K, reserved 1048576K
}
Event: 8763.904 GC heap after
{Heap after GC invocations=28 (full 0):
 garbage-first heap   total 87040K, used 31215K [0x0000000085200000, 0x0000000100000000)
  region size 1024K, 2 young (2048K), 2 survivors (2048K)
 Metaspace       used 55851K, committed 56384K, reserved 1114112K
  class space    used 6925K, committed 7168K, reserved 1048576K
}
Event: 9870.847 GC heap before
{Heap before GC invocations=28 (full 0):
 garbage-first heap   total 87040K, used 74223K [0x0000000085200000, 0x0000000100000000)
  region size 1024K, 44 young (45056K), 2 survivors (2048K)
 Metaspace       used 55921K, committed 56512K, reserved 1114112K
  class space    used 6926K, committed 7232K, reserved 1048576K
}
Event: 9870.944 GC heap after
{Heap after GC invocations=29 (full 0):
 garbage-first heap   total 87040K, used 31222K [0x0000000085200000, 0x0000000100000000)
  region size 1024K, 2 young (2048K), 2 survivors (2048K)
 Metaspace       used 55921K, committed 56512K, reserved 1114112K
  class space    used 6926K, committed 7232K, reserved 1048576K
}
Event: 10859.940 GC heap before
{Heap before GC invocations=29 (full 0):
 garbage-first heap   total 87040K, used 74230K [0x0000000085200000, 0x0000000100000000)
  region size 1024K, 44 young (45056K), 2 survivors (2048K)
 Metaspace       used 57702K, committed 58304K, reserved 1114112K
  class space    used 7127K, committed 7424K, reserved 1048576K
}
Event: 10860.049 GC heap after
{Heap after GC invocations=30 (full 0):
 garbage-first heap   total 87040K, used 31720K [0x0000000085200000, 0x0000000100000000)
  region size 1024K, 3 young (3072K), 3 survivors (3072K)
 Metaspace       used 57702K, committed 58304K, reserved 1114112K
  class space    used 7127K, committed 7424K, reserved 1048576K
}
Event: 11948.934 GC heap before
{Heap before GC invocations=30 (full 0):
 garbage-first heap   total 87040K, used 73704K [0x0000000085200000, 0x0000000100000000)
  region size 1024K, 44 young (45056K), 3 survivors (3072K)
 Metaspace       used 57785K, committed 58368K, reserved 1114112K
  class space    used 7127K, committed 7424K, reserved 1048576K
}
Event: 11949.011 GC heap after
{Heap after GC invocations=31 (full 0):
 garbage-first heap   total 87040K, used 31670K [0x0000000085200000, 0x0000000100000000)
  region size 1024K, 3 young (3072K), 3 survivors (3072K)
 Metaspace       used 57785K, committed 58368K, reserved 1114112K
  class space    used 7127K, committed 7424K, reserved 1048576K
}
Event: 13216.526 GC heap before
{Heap before GC invocations=31 (full 0):
 garbage-first heap   total 87040K, used 73654K [0x0000000085200000, 0x0000000100000000)
  region size 1024K, 44 young (45056K), 3 survivors (3072K)
 Metaspace       used 57846K, committed 58432K, reserved 1114112K
  class space    used 7127K, committed 7424K, reserved 1048576K
}
Event: 13216.656 GC heap after
{Heap after GC invocations=32 (full 0):
 garbage-first heap   total 87040K, used 31643K [0x0000000085200000, 0x0000000100000000)
  region size 1024K, 3 young (3072K), 3 survivors (3072K)
 Metaspace       used 57846K, committed 58432K, reserved 1114112K
  class space    used 7127K, committed 7424K, reserved 1048576K
}
Event: 14340.273 GC heap before
{Heap before GC invocations=32 (full 0):
 garbage-first heap   total 87040K, used 73627K [0x0000000085200000, 0x0000000100000000)
  region size 1024K, 44 young (45056K), 3 survivors (3072K)
 Metaspace       used 57884K, committed 58432K, reserved 1114112K
  class space    used 7128K, committed 7424K, reserved 1048576K
}
Event: 14340.391 GC heap after
{Heap after GC invocations=33 (full 0):
 garbage-first heap   total 87040K, used 31570K [0x0000000085200000, 0x0000000100000000)
  region size 1024K, 3 young (3072K), 3 survivors (3072K)
 Metaspace       used 57884K, committed 58432K, reserved 1114112K
  class space    used 7128K, committed 7424K, reserved 1048576K
}

Deoptimization events (20 events):
Event: 15514.688 Thread 0x00000125f0f648e0 Uncommon trap: trap_request=0xffffff45 fr.pc=0x00000125dc871f9c relative=0x00000000000008bc
Event: 15514.688 Thread 0x00000125f0f648e0 Uncommon trap: reason=unstable_if action=reinterpret pc=0x00000125dc871f9c method=org.apache.kafka.clients.consumer.internals.AbstractFetch.fetchablePartitions()Ljava/util/List; @ 12 c2
Event: 15514.688 Thread 0x00000125f0f648e0 DEOPT PACKING pc=0x00000125dc871f9c sp=0x00000024d88fec60
Event: 15514.688 Thread 0x00000125f0f648e0 DEOPT UNPACKING pc=0x00000125dbe323a3 sp=0x00000024d88fec28 mode 2
Event: 15515.333 Thread 0x00000125f0f648e0 Uncommon trap: trap_request=0xffffffde fr.pc=0x00000125dc83ba44 relative=0x0000000000002a84
Event: 15515.334 Thread 0x00000125f0f648e0 Uncommon trap: reason=class_check action=maybe_recompile pc=0x00000125dc83ba44 method=org.apache.kafka.clients.consumer.internals.SubscriptionState$TopicPartitionState.awaitingValidation()Z @ 7 c2
Event: 15515.335 Thread 0x00000125f0f648e0 DEOPT PACKING pc=0x00000125dc83ba44 sp=0x00000024d88fe990
Event: 15515.337 Thread 0x00000125f0f648e0 DEOPT UNPACKING pc=0x00000125dbe323a3 sp=0x00000024d88fe4a8 mode 2
Event: 15683.252 Thread 0x00000125f0f648e0 Uncommon trap: trap_request=0xffffff45 fr.pc=0x00000125dc64a4bc relative=0x0000000000006edc
Event: 15683.254 Thread 0x00000125f0f648e0 Uncommon trap: reason=unstable_if action=reinterpret pc=0x00000125dc64a4bc method=java.util.concurrent.ConcurrentHashMap$Traverser.advance()Ljava/util/concurrent/ConcurrentHashMap$Node; @ 84 c2
Event: 15683.256 Thread 0x00000125f0f648e0 DEOPT PACKING pc=0x00000125dc64a4bc sp=0x00000024d88fed00
Event: 15683.259 Thread 0x00000125f0f648e0 DEOPT UNPACKING pc=0x00000125dbe323a3 sp=0x00000024d88feaf8 mode 2
Event: 15904.919 Thread 0x00000125f0f65810 Uncommon trap: trap_request=0xffffff45 fr.pc=0x00000125dc958478 relative=0x0000000000000c98
Event: 15904.921 Thread 0x00000125f0f65810 Uncommon trap: reason=unstable_if action=reinterpret pc=0x00000125dc958478 method=jdk.internal.loader.Resource.getBytes()[B @ 199 c2
Event: 15904.947 Thread 0x00000125f0f65810 DEOPT PACKING pc=0x00000125dc958478 sp=0x00000024d8af96b0
Event: 15904.978 Thread 0x00000125f0f65810 DEOPT UNPACKING pc=0x00000125dbe323a3 sp=0x00000024d8af9668 mode 2
Event: 15913.085 Thread 0x00000125f0f65810 Uncommon trap: trap_request=0x00000025 fr.pc=0x00000125dc930c30 relative=0x0000000000000150
Event: 15913.086 Thread 0x00000125f0f65810 Uncommon trap: reason=unloaded action=reinterpret pc=0x00000125dc930c30 method=java.util.concurrent.SynchronousQueue.take()Ljava/lang/Object; @ 21 c2
Event: 15913.088 Thread 0x00000125f0f65810 DEOPT PACKING pc=0x00000125dc930c30 sp=0x00000024d8aff410
Event: 15913.114 Thread 0x00000125f0f65810 DEOPT UNPACKING pc=0x00000125dbe323a3 sp=0x00000024d8aff338 mode 2

Classes unloaded (0 events):
No events

Classes redefined (0 events):
No events

Internal exceptions (20 events):
Event: 7245.943 Thread 0x00000125f0f65d20 Exception <a 'java/net/SocketException'{0x0000000088f92828}: Connection reset by peer: shutdown> (0x0000000088f92828) 
thrown [s\open\src\hotspot\share\prims\jni.cpp, line 535]
Event: 7614.329 Thread 0x00000125f0f648e0 Exception <a 'java/lang/IncompatibleClassChangeError'{0x0000000088151188}: Found class java.lang.Object, but interface was expected> (0x0000000088151188) 
thrown [s\open\src\hotspot\share\interpreter\linkResolver.cpp, line 826]
Event: 7614.873 Thread 0x00000125f0f648e0 Exception <a 'java/lang/NoSuchMethodError'{0x00000000881d2ff8}: 'java.lang.Object java.lang.invoke.DirectMethodHandle$Holder.newInvokeSpecial(java.lang.Object, java.lang.Object, java.lang.Object, java.lang.Object, java.lang.Object, java.lang.Object)'> (0x00000000881d2ff8) 
thrown [s\open\src\hotspot\share\interpreter\linkResolver.cpp, line 759]
Event: 8914.216 Thread 0x00000125f0f65d20 Exception <a 'java/net/SocketException'{0x000000008a105618}: Connection reset by peer: shutdown> (0x000000008a105618) 
thrown [s\open\src\hotspot\share\prims\jni.cpp, line 535]
Event: 9428.312 Thread 0x00000125f0f65810 Exception <a 'java/net/SocketException'{0x0000000088e07718}: Connection reset by peer: shutdown> (0x0000000088e07718) 
thrown [s\open\src\hotspot\share\prims\jni.cpp, line 535]
Event: 10033.251 Thread 0x00000125f0f65d20 Exception <a 'java/net/SocketException'{0x000000008a002b58}: Connection reset by peer: shutdown> (0x000000008a002b58) 
thrown [s\open\src\hotspot\share\prims\jni.cpp, line 535]
Event: 10040.520 Thread 0x00000125f0f60710 Exception <a 'java/lang/NoSuchMethodError'{0x0000000089e57120}: 'java.lang.Object java.lang.invoke.DirectMethodHandle$Holder.invokeSpecial(java.lang.Object, java.lang.Object, java.lang.Object, java.lang.Object, java.lang.Object, long)'> (0x0000000089e57120) 
thrown [s\open\src\hotspot\share\interpreter\linkResolver.cpp, line 759]
Event: 10040.523 Thread 0x00000125f0f60710 Exception <a 'java/lang/NoSuchMethodError'{0x0000000089e5ab18}: 'java.lang.Object java.lang.invoke.Invokers$Holder.linkToTargetMethod(java.lang.Object, java.lang.Object, java.lang.Object, long, java.lang.Object)'> (0x0000000089e5ab18) 
thrown [s\open\src\hotspot\share\interpreter\linkResolver.cpp, line 759]
Event: 10041.674 Thread 0x00000125f0f60710 Exception <a 'java/lang/NoSuchMethodError'{0x0000000089c6a7e8}: 'java.lang.Object java.lang.invoke.DirectMethodHandle$Holder.invokeStatic(java.lang.Object, int, int)'> (0x0000000089c6a7e8) 
thrown [s\open\src\hotspot\share\interpreter\linkResolver.cpp, line 759]
Event: 10334.477 Thread 0x00000125f0f65d20 Exception <a 'java/net/SocketException'{0x000000008900ad78}: Connection reset by peer: shutdown> (0x000000008900ad78) 
thrown [s\open\src\hotspot\share\prims\jni.cpp, line 535]
Event: 11359.356 Thread 0x00000125f0f65810 Exception <a 'java/net/SocketException'{0x0000000089507728}: Connection reset by peer: shutdown> (0x0000000089507728) 
thrown [s\open\src\hotspot\share\prims\jni.cpp, line 535]
Event: 11960.312 Thread 0x00000125f0f65d20 Exception <a 'java/net/SocketException'{0x000000008cdaab70}: Connection reset by peer: shutdown> (0x000000008cdaab70) 
thrown [s\open\src\hotspot\share\prims\jni.cpp, line 535]
Event: 12315.840 Thread 0x00000125f0f648e0 Implicit null exception at 0x00000125dc56e5b0 to 0x00000125dc56ec8c
Event: 13298.101 Thread 0x00000125f0f65d20 Exception <a 'java/net/SocketException'{0x000000008a412a50}: Connection reset by peer: shutdown> (0x000000008a412a50) 
thrown [s\open\src\hotspot\share\prims\jni.cpp, line 535]
Event: 14735.944 Thread 0x00000125f0f65810 Exception <a 'java/net/SocketException'{0x000000008a47f588}: Connection reset by peer: shutdown> (0x000000008a47f588) 
thrown [s\open\src\hotspot\share\prims\jni.cpp, line 535]
Event: 15514.359 Thread 0x00000125f0f648e0 Implicit null exception at 0x00000125dc663db6 to 0x00000125dc6659f8
Event: 15514.364 Thread 0x00000125f0f648e0 Implicit null exception at 0x00000125dc7c53f9 to 0x00000125dc7c56c4
Event: 15514.365 Thread 0x00000125f0f648e0 Implicit null exception at 0x00000125dc98a595 to 0x00000125dc990700
Event: 15514.688 Thread 0x00000125f0f648e0 Implicit null exception at 0x00000125dc8717e6 to 0x00000125dc871f7c
Event: 15522.437 Thread 0x00000125f0f65810 Exception <a 'java/net/SocketException'{0x0000000089698038}: Connection reset by peer: shutdown> (0x0000000089698038) 
thrown [s\open\src\hotspot\share\prims\jni.cpp, line 535]

VM Operations (20 events):
Event: 15893.987 Executing VM operation: Cleanup
Event: 15894.226 Executing VM operation: Cleanup done
Event: 15896.249 Executing VM operation: Cleanup
Event: 15896.280 Executing VM operation: Cleanup done
Event: 15898.311 Executing VM operation: Cleanup
Event: 15898.329 Executing VM operation: Cleanup done
Event: 15900.365 Executing VM operation: Cleanup
Event: 15900.458 Executing VM operation: Cleanup done
Event: 15901.486 Executing VM operation: Cleanup
Event: 15901.536 Executing VM operation: Cleanup done
Event: 15903.575 Executing VM operation: Cleanup
Event: 15903.740 Executing VM operation: Cleanup done
Event: 15904.745 Executing VM operation: Cleanup
Event: 15904.761 Executing VM operation: Cleanup done
Event: 15912.818 Executing VM operation: Cleanup
Event: 15912.835 Executing VM operation: Cleanup done
Event: 15913.841 Executing VM operation: Cleanup
Event: 15913.841 Executing VM operation: Cleanup done
Event: 15963.237 Executing VM operation: Cleanup
Event: 15963.239 Executing VM operation: Cleanup done

Events (20 events):
Event: 12330.802 Thread 0x00000125eb38f050 flushing nmethod 0x00000125d5776790
Event: 12330.802 Thread 0x00000125eb38f050 flushing nmethod 0x00000125d5783310
Event: 12330.802 Thread 0x00000125eb38f050 flushing nmethod 0x00000125d578eb10
Event: 12330.805 Thread 0x00000125eb38f050 flushing nmethod 0x00000125d57a9390
Event: 12330.805 Thread 0x00000125eb38f050 flushing nmethod 0x00000125d57a9d10
Event: 12330.806 Thread 0x00000125eb38f050 flushing nmethod 0x00000125d57ad890
Event: 12330.806 Thread 0x00000125eb38f050 flushing nmethod 0x00000125d57b1210
Event: 12330.806 Thread 0x00000125eb38f050 flushing nmethod 0x00000125d57b5690
Event: 12330.807 Thread 0x00000125eb38f050 flushing nmethod 0x00000125d57b9510
Event: 12330.879 Thread 0x00000125eb38f050 flushing nmethod 0x00000125d584c610
Event: 12330.887 Thread 0x00000125eb38f050 flushing nmethod 0x00000125d5876e90
Event: 12330.904 Thread 0x00000125eb38f050 flushing nmethod 0x00000125d58c2310
Event: 12330.905 Thread 0x00000125eb38f050 flushing nmethod 0x00000125d58ce810
Event: 12330.906 Thread 0x00000125eb38f050 flushing nmethod 0x00000125d58d0490
Event: 15892.429 loading class jdk/internal/loader/BootLoader$PackageHelper
Event: 15893.328 loading class jdk/internal/loader/BootLoader$PackageHelper done
Event: 15911.543 loading class java/lang/Throwable$WrappedPrintWriter
Event: 15911.562 loading class java/lang/Throwable$PrintStreamOrWriter
Event: 15911.565 loading class java/lang/Throwable$PrintStreamOrWriter done
Event: 15911.566 loading class java/lang/Throwable$WrappedPrintWriter done


Dynamic libraries:
0x00007ff6b03c0000 - 0x00007ff6b03d0000 	C:\Program Files\Java\jdk-17\bin\java.exe
0x00007ffa79ea0000 - 0x00007ffa7a109000 	C:\WINDOWS\SYSTEM32\ntdll.dll
0x00007ffa78730000 - 0x00007ffa787f9000 	C:\WINDOWS\System32\KERNEL32.DLL
0x00007ffa772d0000 - 0x00007ffa776c3000 	C:\WINDOWS\System32\KERNELBASE.dll
0x00007ffa77800000 - 0x00007ffa7794b000 	C:\WINDOWS\System32\ucrtbase.dll
0x00007ffa67e50000 - 0x00007ffa67e6b000 	C:\Program Files\Java\jdk-17\bin\VCRUNTIME140.dll
0x00007ffa71bc0000 - 0x00007ffa71bd9000 	C:\Program Files\Java\jdk-17\bin\jli.dll
0x00007ffa79130000 - 0x00007ffa791e4000 	C:\WINDOWS\System32\ADVAPI32.dll
0x00007ffa783c0000 - 0x00007ffa78469000 	C:\WINDOWS\System32\msvcrt.dll
0x00007ffa78650000 - 0x00007ffa786f6000 	C:\WINDOWS\System32\sechost.dll
0x00007ffa78e60000 - 0x00007ffa78f78000 	C:\WINDOWS\System32\RPCRT4.dll
0x00007ffa78480000 - 0x00007ffa78644000 	C:\WINDOWS\System32\USER32.dll
0x00007ffa58000000 - 0x00007ffa58293000 	C:\WINDOWS\WinSxS\amd64_microsoft.windows.common-controls_6595b64144ccf1df_6.0.26100.5074_none_3e0d6f78e32fd63f\COMCTL32.dll
0x00007ffa77950000 - 0x00007ffa77977000 	C:\WINDOWS\System32\win32u.dll
0x00007ffa78390000 - 0x00007ffa783bb000 	C:\WINDOWS\System32\GDI32.dll
0x00007ffa77030000 - 0x00007ffa7715d000 	C:\WINDOWS\System32\gdi32full.dll
0x00007ffa77220000 - 0x00007ffa772c3000 	C:\WINDOWS\System32\msvcp_win.dll
0x00007ffa632b0000 - 0x00007ffa632bb000 	C:\WINDOWS\SYSTEM32\VERSION.dll
0x00007ffa79250000 - 0x00007ffa7927f000 	C:\WINDOWS\System32\IMM32.DLL
0x00007ffa71c10000 - 0x00007ffa71c1c000 	C:\Program Files\Java\jdk-17\bin\vcruntime140_1.dll
0x00007ffa46d40000 - 0x00007ffa46dce000 	C:\Program Files\Java\jdk-17\bin\msvcp140.dll
0x00007ff9e0c20000 - 0x00007ff9e1800000 	C:\Program Files\Java\jdk-17\bin\server\jvm.dll
0x00007ffa78380000 - 0x00007ffa78388000 	C:\WINDOWS\System32\PSAPI.DLL
0x00007ffa5cd20000 - 0x00007ffa5cd2a000 	C:\WINDOWS\SYSTEM32\WSOCK32.dll
0x00007ffa6c970000 - 0x00007ffa6c9a5000 	C:\WINDOWS\SYSTEM32\WINMM.dll
0x00007ffa799e0000 - 0x00007ffa79a54000 	C:\WINDOWS\System32\WS2_32.dll
0x00007ffa75e10000 - 0x00007ffa75e2b000 	C:\WINDOWS\SYSTEM32\kernel.appcore.dll
0x00007ffa71bb0000 - 0x00007ffa71bba000 	C:\Program Files\Java\jdk-17\bin\jimage.dll
0x00007ffa74830000 - 0x00007ffa74a72000 	C:\WINDOWS\SYSTEM32\DBGHELP.DLL
0x00007ffa79a70000 - 0x00007ffa79deb000 	C:\WINDOWS\System32\combase.dll
0x00007ffa78bb0000 - 0x00007ffa78c87000 	C:\WINDOWS\System32\OLEAUT32.dll
0x00007ffa60160000 - 0x00007ffa6019d000 	C:\WINDOWS\SYSTEM32\dbgcore.DLL
0x00007ffa776d0000 - 0x00007ffa77769000 	C:\WINDOWS\System32\bcryptPrimitives.dll
0x00007ffa5f260000 - 0x00007ffa5f285000 	C:\Program Files\Java\jdk-17\bin\java.dll
0x00007ffa43d70000 - 0x00007ffa43e47000 	C:\Program Files\Java\jdk-17\bin\jsvml.dll
0x00007ffa79290000 - 0x00007ffa799dd000 	C:\WINDOWS\System32\SHELL32.dll
0x00007ffa77980000 - 0x00007ffa77aec000 	C:\WINDOWS\System32\wintypes.dll
0x00007ffa74c60000 - 0x00007ffa754b9000 	C:\WINDOWS\SYSTEM32\windows.storage.dll
0x00007ffa77df0000 - 0x00007ffa77ee0000 	C:\WINDOWS\System32\SHCORE.dll
0x00007ffa78c90000 - 0x00007ffa78cf2000 	C:\WINDOWS\System32\shlwapi.dll
0x00007ffa76f50000 - 0x00007ffa76f79000 	C:\WINDOWS\SYSTEM32\profapi.dll
0x00007ffa678a0000 - 0x00007ffa678b9000 	C:\Program Files\Java\jdk-17\bin\net.dll
0x00007ffa707f0000 - 0x00007ffa7090f000 	C:\WINDOWS\SYSTEM32\WINHTTP.dll
0x00007ffa76390000 - 0x00007ffa763fb000 	C:\WINDOWS\system32\mswsock.dll
0x00007ffa5cd30000 - 0x00007ffa5cd46000 	C:\Program Files\Java\jdk-17\bin\nio.dll
0x00007ffa55ed0000 - 0x00007ffa55ee8000 	C:\Program Files\Java\jdk-17\bin\zip.dll
0x00007ffa757e0000 - 0x00007ffa75814000 	C:\WINDOWS\SYSTEM32\IPHLPAPI.DLL
0x00007ffa78470000 - 0x00007ffa7847a000 	C:\WINDOWS\System32\NSI.dll
0x00007ffa70b30000 - 0x00007ffa70b4e000 	C:\WINDOWS\SYSTEM32\dhcpcsvc6.DLL
0x00007ffa70b00000 - 0x00007ffa70b23000 	C:\WINDOWS\SYSTEM32\dhcpcsvc.DLL
0x00007ffa75830000 - 0x00007ffa75956000 	C:\WINDOWS\SYSTEM32\DNSAPI.dll
0x00007ffa6c910000 - 0x00007ffa6c91b000 	C:\Windows\System32\rasadhlp.dll
0x00007ffa70cb0000 - 0x00007ffa70d36000 	C:\WINDOWS\System32\fwpuclnt.dll
0x00007ffa5c520000 - 0x00007ffa5c52e000 	C:\Program Files\Java\jdk-17\bin\sunmscapi.dll
0x00007ffa77af0000 - 0x00007ffa77c67000 	C:\WINDOWS\System32\CRYPT32.dll
0x00007ffa76850000 - 0x00007ffa76880000 	C:\WINDOWS\SYSTEM32\ncrypt.dll
0x00007ffa76800000 - 0x00007ffa7683f000 	C:\WINDOWS\SYSTEM32\NTASN1.dll
0x00007ffa55ec0000 - 0x00007ffa55ed0000 	C:\Program Files\Java\jdk-17\bin\verify.dll
0x00007ffa76630000 - 0x00007ffa7664b000 	C:\WINDOWS\SYSTEM32\CRYPTSP.dll
0x00007ffa75d70000 - 0x00007ffa75dab000 	C:\WINDOWS\system32\rsaenh.dll
0x00007ffa76430000 - 0x00007ffa7645b000 	C:\WINDOWS\SYSTEM32\USERENV.dll
0x00007ffa76f20000 - 0x00007ffa76f46000 	C:\WINDOWS\SYSTEM32\bcrypt.dll
0x00007ffa76650000 - 0x00007ffa7665c000 	C:\WINDOWS\SYSTEM32\CRYPTBASE.dll
0x00007ffa5f370000 - 0x00007ffa5f37a000 	C:\Program Files\Java\jdk-17\bin\management.dll
0x00007ffa5f250000 - 0x00007ffa5f25b000 	C:\Program Files\Java\jdk-17\bin\management_ext.dll
0x00007ffa4d1b0000 - 0x00007ffa4d1b8000 	C:\WINDOWS\system32\wshunix.dll

dbghelp: loaded successfully - version: 4.0.5 - missing functions: none
symbol engine: initialized successfully - sym options: 0x614 - pdb path: .;C:\Program Files\Java\jdk-17\bin;C:\WINDOWS\SYSTEM32;C:\WINDOWS\WinSxS\amd64_microsoft.windows.common-controls_6595b64144ccf1df_6.0.26100.5074_none_3e0d6f78e32fd63f;C:\Program Files\Java\jdk-17\bin\server

VM Arguments:
jvm_args: -XX:+ShowCodeDetailsInExceptionMessages 
java_command: com.gst.demo.returnsservice.ReturnsServiceApplication
java_class_path (initial): D:\PracticeProject\gst-demo-springboot\returns-service\target\classes;C:\Users\Abhay Meshram\.m2\repository\org\springframework\boot\spring-boot-starter-web\3.2.6\spring-boot-starter-web-3.2.6.jar;C:\Users\Abhay Meshram\.m2\repository\org\springframework\boot\spring-boot-starter\3.2.6\spring-boot-starter-3.2.6.jar;C:\Users\Abhay Meshram\.m2\repository\org\springframework\boot\spring-boot\3.2.6\spring-boot-3.2.6.jar;C:\Users\Abhay Meshram\.m2\repository\org\springframework\boot\spring-boot-autoconfigure\3.2.6\spring-boot-autoconfigure-3.2.6.jar;C:\Users\Abhay Meshram\.m2\repository\org\springframework\boot\spring-boot-starter-logging\3.2.6\spring-boot-starter-logging-3.2.6.jar;C:\Users\Abhay Meshram\.m2\repository\ch\qos\logback\logback-classic\1.4.14\logback-classic-1.4.14.jar;C:\Users\Abhay Meshram\.m2\repository\ch\qos\logback\logback-core\1.4.14\logback-core-1.4.14.jar;C:\Users\Abhay Meshram\.m2\repository\org\apache\logging\log4j\log4j-to-slf4j\2.21.1\log4j-to-slf4j-2.21.1.jar;C:\Users\Abhay Meshram\.m2\repository\org\apache\logging\log4j\log4j-api\2.21.1\log4j-api-2.21.1.jar;C:\Users\Abhay Meshram\.m2\repository\org\slf4j\jul-to-slf4j\2.0.13\jul-to-slf4j-2.0.13.jar;C:\Users\Abhay Meshram\.m2\repository\jakarta\annotation\jakarta.annotation-api\2.1.1\jakarta.annotation-api-2.1.1.jar;C:\Users\Abhay Meshram\.m2\repository\org\springframework\spring-core\6.1.8\spring-core-6.1.8.jar;C:\Users\Abhay Meshram\.m2\repository\org\springframework\spring-jcl\6.1.8\spring-jcl-6.1.8.jar;C:\Users\Abhay Meshram\.m2\repository\org\yaml\snakeyaml\2.2\snakeyaml-2.2.jar;C:\Users\Abhay Meshram\.m2\repository\org\springframework\boot\spring-boot-starter-json\3.2.6\spring-boot-starter-json-3.2.6.jar;C:\Users\Abhay Meshram\.m2\repository\com\fasterxml\jackson\datatype\jackson-datatype-jdk8\2.15.4\jackson-datatype-jdk8-2.15.4.jar;C:\Users\Abhay Meshram\.m2\repository\com\fasterxml\jackson\datatype\jackson-datatype-jsr310\2.15.4\jackson-datatype-jsr310-2.15.4
Launcher Type: SUN_STANDARD

[Global flags]
     intx CICompilerCount                          = 4                                         {product} {ergonomic}
     uint ConcGCThreads                            = 3                                         {product} {ergonomic}
     uint G1ConcRefinementThreads                  = 10                                        {product} {ergonomic}
   size_t G1HeapRegionSize                         = 1048576                                   {product} {ergonomic}
    uintx GCDrainStackTargetSize                   = 64                                        {product} {ergonomic}
   size_t InitialHeapSize                          = 130023424                                 {product} {ergonomic}
   size_t MarkStackSize                            = 4194304                                   {product} {ergonomic}
   size_t MaxHeapSize                              = 2061500416                                {product} {ergonomic}
   size_t MaxNewSize                               = 1236271104                                {product} {ergonomic}
   size_t MinHeapDeltaBytes                        = 1048576                                   {product} {ergonomic}
   size_t MinHeapSize                              = 8388608                                   {product} {ergonomic}
    uintx NonNMethodCodeHeapSize                   = 5839372                                {pd product} {ergonomic}
    uintx NonProfiledCodeHeapSize                  = 122909434                              {pd product} {ergonomic}
    uintx ProfiledCodeHeapSize                     = 122909434                              {pd product} {ergonomic}
    uintx ReservedCodeCacheSize                    = 251658240                              {pd product} {ergonomic}
     bool SegmentedCodeCache                       = true                                      {product} {ergonomic}
     bool ShowCodeDetailsInExceptionMessages       = true                                   {manageable} {command line}
   size_t SoftMaxHeapSize                          = 2061500416                             {manageable} {ergonomic}
     bool UseCompressedClassPointers               = true                           {product lp64_product} {ergonomic}
     bool UseCompressedOops                        = true                           {product lp64_product} {ergonomic}
     bool UseG1GC                                  = true                                      {product} {ergonomic}
     bool UseLargePagesIndividualAllocation        = false                                  {pd product} {ergonomic}

Logging:
Log output configuration:
 #0: stdout all=warning uptime,level,tags
 #1: stderr all=off uptime,level,tags

Environment Variables:
JAVA_HOME=C:\Program Files\Java\jdk-17
PATH=C:\Program Files\Java\jdk-17\bin;C:\Users\Abhay Meshram\.trae\tools\maven\latest\bin;C:\Users\Abhay Meshram\.trae\tools\gradle\latest\bin;C:\Program Files\Google\Chrome\Application;C:\Program Files\Common Files\Oracle\Java\javapath;C:\Windows\system32;C:\Windows;C:\Windows\System32\Wbem;C:\Windows\System32\WindowsPowerShell\v1.0\;C:\Windows\System32\OpenSSH\;C:\Program Files\Java\apache-maven-3.9.11\bin;C:\Program Files\Java\jdk-17\bin;C:\Program Files\Git\cmd;C:\WINDOWS\system32;C:\WINDOWS;C:\WINDOWS\System32\Wbem;C:\WINDOWS\System32\WindowsPowerShell\v1.0\;C:\WINDOWS\System32\OpenSSH\;C:\Program Files\Docker\Docker\resources\bin;C:\kind\;C:\Program Files\mongodb-win32-x86_64-windows-8.2.0\bin;C:\Users\Abhay Meshram\AppData\Local\Microsoft\WindowsApps;C:\Program Files\JetBrains\IntelliJ IDEA Community Edition 2025.2.1\bin;
USERNAME=Abhay Meshram
LANG=en_US.UTF-8
OS=Windows_NT
PROCESSOR_IDENTIFIER=Intel64 Family 6 Model 154 Stepping 4, GenuineIntel



---------------  S Y S T E M  ---------------

OS:
 Windows 11 , 64 bit Build 26100 (10.0.26100.5074)
OS uptime: 0 days 6:53 hours
Hyper-V role detected

CPU: total 12 (initial active 12) (6 cores per cpu, 2 threads per core) family 6 model 154 stepping 4 microcode 0x42c, cx8, cmov, fxsr, ht, mmx, 3dnowpref, sse, sse2, sse3, ssse3, sse4.1, sse4.2, popcnt, lzcnt, tsc, tscinvbit, avx, avx2, aes, erms, clmul, bmi1, bmi2, adx, sha, fma, vzeroupper, clflush, clflushopt, clwb, hv

Memory: 4k page, system-wide physical 7860M (7M free)
TotalPageFile size 32436M (AvailPageFile size 0M)
current process WorkingSet (physical memory assigned to process): 19M, peak: 247M
current process commit charge ("private bytes"): 303M, peak: 335M

vm_info: Java HotSpot(TM) 64-Bit Server VM (17.0.12+8-LTS-286) for windows-amd64 JRE (17.0.12+8-LTS-286), built on Jun  5 2024 06:46:59 by "mach5one" with MS VC++ 17.6 (VS2022)

END.
